1707320338629:get
1707320347716:lol
1707320349558:get
1707322027689:;p;awfaw
1707322028491:wfawd
1707322029269:awfawdaw
1707322030265:fawfawd
1707322031173:wafaw
1707322788849:get-typed-activity --type sport
1707322808454:get
1707322810226:get-typed-activity --type sport
1707322849302:get-typed-activity --type recreational
1707322914871:get-typed-activity --type sprot
1707322954108:get-typed-activity --type daw
1707323000305:get-typed-activity --type sawfaw
1707323640141:get --type sport
1707323925448:help
1707324279036:get
1707333106897:get-activity --type lol --key 124
1707333208343:get-activity --participants 2 --type social
1707333479085:get-activity --type lol --key 124
1707333495694:get-activity --participants 2 --type social
1707333499390:get-activity --type lol --key 124
1707333502059:get-activity --participants 2 --type social
1707333511257:get-activity --participants 3 --type social
1707333516455:get-activity
1707333527962:get-activity --participants 2 --type social
1707333586995:get-activity --type lol --key 124
1707333674488:get-activity --type education --participants 1 --price 0.1
1707333688824:get-activity --type education --participants 1 --price 0,1
1707333691818:get-activity --type education --participants 1 --price 0.1
1707334294087:get-activity --type education --participants 1 --price 1
1707334299727:get-activity --type education --participants 1 --price f
1707334302503:get-activity --type education --participants 1 --price ffaw
1707334360421:get-activity --price 2
1707334384153:get-activity --type education --participants 1 --price ffaw
1707334389508:get-activity --type education --participants 1
1707334392313:get-activity --type education
1707334476842:get-activity --price fwa
1707342110290:get-activity --type education
1707342124907:get-activity --price 12
1707342284322:get-activity --price 1
1707342286195:get-activity --price 2
1707342288182:get-activity --price 23
1707342304624:get-activity --participants 42
1707342307470:get-activity --participants 1
1707342309959:get-activity --participants 4
1707342311705:get-activity --participants 45
1707342313967:get-activity --participants 5
1707342316994:get-activity --participants 6
1707342319351:get-activity --participants 7
1707342321770:get-activity --participants 8
1707342329925:exit
1707405313740:help
